# JRE version: OpenJDK Runtime Environment (8.0_152-b01) (build 1.8.0_152-release-915-b01)
# Java VM: OpenJDK 64-Bit Server VM (25.152-b01 mixed mode windows-amd64 compressed oops)
Heap:
 PSYoungGen      total 192000K, used 40382K [0x00000000f2b00000, 0x0000000100000000, 0x0000000100000000)
  eden space 170496K, 21% used [0x00000000f2b00000,0x00000000f4e8b2c0,0x00000000fd180000)
  from space 21504K, 18% used [0x00000000fd180000,0x00000000fd564590,0x00000000fe680000)
  to   space 21504K, 0% used [0x00000000feb00000,0x00000000feb00000,0x0000000100000000)
 ParOldGen       total 211968K, used 87652K [0x00000000d8000000, 0x00000000e4f00000, 0x00000000f2b00000)
  object space 211968K, 41% used [0x00000000d8000000,0x00000000dd599358,0x00000000e4f00000)
 Metaspace       used 90235K, capacity 99452K, committed 99672K, reserved 1134592K
  class space    used 11566K, capacity 13683K, committed 13696K, reserved 1048576K
GC Heap History (10 events):
Event: 2258.912 GC heap before
{Heap before GC invocations=57 (full 4):
 PSYoungGen      total 148992K, used 142351K [0x00000000f2b00000, 0x00000000fd700000, 0x0000000100000000)
  eden space 130048K, 99% used [0x00000000f2b00000,0x00000000fa9ddda8,0x00000000faa00000)
  from space 18944K, 65% used [0x00000000fc480000,0x00000000fd0a61c8,0x00000000fd700000)
  to   space 23040K, 0% used [0x00000000faa00000,0x00000000faa00000,0x00000000fc080000)
 ParOldGen       total 211968K, used 81943K [0x00000000d8000000, 0x00000000e4f00000, 0x00000000f2b00000)
  object space 211968K, 38% used [0x00000000d8000000,0x00000000dd005de0,0x00000000e4f00000)
 Metaspace       used 89848K, capacity 98848K, committed 99160K, reserved 1134592K
  class space    used 11529K, capacity 13575K, committed 13696K, reserved 1048576K
Event: 2258.919 GC heap after
Heap after GC invocations=57 (full 4):
 PSYoungGen      total 153088K, used 11816K [0x00000000f2b00000, 0x00000000fea80000, 0x0000000100000000)
  eden space 130048K, 0% used [0x00000000f2b00000,0x00000000f2b00000,0x00000000faa00000)
  from space 23040K, 51% used [0x00000000faa00000,0x00000000fb58a1d8,0x00000000fc080000)
  to   space 22016K, 0% used [0x00000000fd500000,0x00000000fd500000,0x00000000fea80000)
 ParOldGen       total 211968K, used 82230K [0x00000000d8000000, 0x00000000e4f00000, 0x00000000f2b00000)
  object space 211968K, 38% used [0x00000000d8000000,0x00000000dd04da10,0x00000000e4f00000)
 Metaspace       used 89848K, capacity 98848K, committed 99160K, reserved 1134592K
  class space    used 11529K, capacity 13575K, committed 13696K, reserved 1048576K
}
Event: 2275.712 GC heap before
{Heap before GC invocations=58 (full 4):
 PSYoungGen      total 153088K, used 141864K [0x00000000f2b00000, 0x00000000fea80000, 0x0000000100000000)
  eden space 130048K, 100% used [0x00000000f2b00000,0x00000000faa00000,0x00000000faa00000)
  from space 23040K, 51% used [0x00000000faa00000,0x00000000fb58a1d8,0x00000000fc080000)
  to   space 22016K, 0% used [0x00000000fd500000,0x00000000fd500000,0x00000000fea80000)
 ParOldGen       total 211968K, used 82230K [0x00000000d8000000, 0x00000000e4f00000, 0x00000000f2b00000)
  object space 211968K, 38% used [0x00000000d8000000,0x00000000dd04da10,0x00000000e4f00000)
 Metaspace       used 89911K, capacity 98848K, committed 99160K, reserved 1134592K
  class space    used 11529K, capacity 13575K, committed 13696K, reserved 1048576K
Event: 2275.721 GC heap after
Heap after GC invocations=58 (full 4):
 PSYoungGen      total 169984K, used 8999K [0x00000000f2b00000, 0x00000000fe800000, 0x0000000100000000)
  eden space 150528K, 0% used [0x00000000f2b00000,0x00000000f2b00000,0x00000000fbe00000)
  from space 19456K, 46% used [0x00000000fd500000,0x00000000fddc9e60,0x00000000fe800000)
  to   space 21504K, 0% used [0x00000000fbe00000,0x00000000fbe00000,0x00000000fd300000)
 ParOldGen       total 211968K, used 85642K [0x00000000d8000000, 0x00000000e4f00000, 0x00000000f2b00000)
  object space 211968K, 40% used [0x00000000d8000000,0x00000000dd3a2920,0x00000000e4f00000)
 Metaspace       used 89911K, capacity 98848K, committed 99160K, reserved 1134592K
  class space    used 11529K, capacity 13575K, committed 13696K, reserved 1048576K
}
Event: 2292.497 GC heap before
{Heap before GC invocations=59 (full 4):
 PSYoungGen      total 169984K, used 158526K [0x00000000f2b00000, 0x00000000fe800000, 0x0000000100000000)
  eden space 150528K, 99% used [0x00000000f2b00000,0x00000000fbd05b00,0x00000000fbe00000)
  from space 19456K, 46% used [0x00000000fd500000,0x00000000fddc9e60,0x00000000fe800000)
  to   space 21504K, 0% used [0x00000000fbe00000,0x00000000fbe00000,0x00000000fd300000)
 ParOldGen       total 211968K, used 85642K [0x00000000d8000000, 0x00000000e4f00000, 0x00000000f2b00000)
  object space 211968K, 40% used [0x00000000d8000000,0x00000000dd3a2920,0x00000000e4f00000)
 Metaspace       used 89957K, capacity 98952K, committed 99160K, reserved 1134592K
  class space    used 11532K, capacity 13581K, committed 13696K, reserved 1048576K
Event: 2292.504 GC heap after
Heap after GC invocations=59 (full 4):
 PSYoungGen      total 172032K, used 9385K [0x00000000f2b00000, 0x00000000ffc80000, 0x0000000100000000)
  eden space 150528K, 0% used [0x00000000f2b00000,0x00000000f2b00000,0x00000000fbe00000)
  from space 21504K, 43% used [0x00000000fbe00000,0x00000000fc72a7e0,0x00000000fd300000)
  to   space 20992K, 0% used [0x00000000fe800000,0x00000000fe800000,0x00000000ffc80000)
 ParOldGen       total 211968K, used 86457K [0x00000000d8000000, 0x00000000e4f00000, 0x00000000f2b00000)
  object space 211968K, 40% used [0x00000000d8000000,0x00000000dd46e5c0,0x00000000e4f00000)
 Metaspace       used 89957K, capacity 98952K, committed 99160K, reserved 1134592K
  class space    used 11532K, capacity 13581K, committed 13696K, reserved 1048576K
}
Event: 2375.101 GC heap before
{Heap before GC invocations=60 (full 4):
 PSYoungGen      total 172032K, used 159913K [0x00000000f2b00000, 0x00000000ffc80000, 0x0000000100000000)
  eden space 150528K, 100% used [0x00000000f2b00000,0x00000000fbe00000,0x00000000fbe00000)
  from space 21504K, 43% used [0x00000000fbe00000,0x00000000fc72a7e0,0x00000000fd300000)
  to   space 20992K, 0% used [0x00000000fe800000,0x00000000fe800000,0x00000000ffc80000)
 ParOldGen       total 211968K, used 86457K [0x00000000d8000000, 0x00000000e4f00000, 0x00000000f2b00000)
  object space 211968K, 40% used [0x00000000d8000000,0x00000000dd46e5c0,0x00000000e4f00000)
 Metaspace       used 90095K, capacity 99204K, committed 99416K, reserved 1134592K
  class space    used 11555K, capacity 13643K, committed 13696K, reserved 1048576K
Event: 2375.106 GC heap after
Heap after GC invocations=60 (full 4):
 PSYoungGen      total 190464K, used 3264K [0x00000000f2b00000, 0x00000000ffb80000, 0x0000000100000000)
  eden space 170496K, 0% used [0x00000000f2b00000,0x00000000f2b00000,0x00000000fd180000)
  from space 19968K, 16% used [0x00000000fe800000,0x00000000feb30020,0x00000000ffb80000)
  to   space 21504K, 0% used [0x00000000fd180000,0x00000000fd180000,0x00000000fe680000)
 ParOldGen       total 211968K, used 87298K [0x00000000d8000000, 0x00000000e4f00000, 0x00000000f2b00000)
  object space 211968K, 41% used [0x00000000d8000000,0x00000000dd540ae0,0x00000000e4f00000)
 Metaspace       used 90095K, capacity 99204K, committed 99416K, reserved 1134592K
  class space    used 11555K, capacity 13643K, committed 13696K, reserved 1048576K
}
Event: 2410.283 GC heap before
{Heap before GC invocations=61 (full 4):
 PSYoungGen      total 190464K, used 173760K [0x00000000f2b00000, 0x00000000ffb80000, 0x0000000100000000)
  eden space 170496K, 100% used [0x00000000f2b00000,0x00000000fd180000,0x00000000fd180000)
  from space 19968K, 16% used [0x00000000fe800000,0x00000000feb30020,0x00000000ffb80000)
  to   space 21504K, 0% used [0x00000000fd180000,0x00000000fd180000,0x00000000fe680000)
 ParOldGen       total 211968K, used 87298K [0x00000000d8000000, 0x00000000e4f00000, 0x00000000f2b00000)
  object space 211968K, 41% used [0x00000000d8000000,0x00000000dd540ae0,0x00000000e4f00000)
 Metaspace       used 90226K, capacity 99452K, committed 99672K, reserved 1134592K
  class space    used 11566K, capacity 13683K, committed 13696K, reserved 1048576K
Event: 2410.288 GC heap after
Heap after GC invocations=61 (full 4):
 PSYoungGen      total 192000K, used 3985K [0x00000000f2b00000, 0x0000000100000000, 0x0000000100000000)
  eden space 170496K, 0% used [0x00000000f2b00000,0x00000000f2b00000,0x00000000fd180000)
  from space 21504K, 18% used [0x00000000fd180000,0x00000000fd564590,0x00000000fe680000)
  to   space 21504K, 0% used [0x00000000feb00000,0x00000000feb00000,0x0000000100000000)
 ParOldGen       total 211968K, used 87652K [0x00000000d8000000, 0x00000000e4f00000, 0x00000000f2b00000)
  object space 211968K, 41% used [0x00000000d8000000,0x00000000dd599358,0x00000000e4f00000)
 Metaspace       used 90226K, capacity 99452K, committed 99672K, reserved 1134592K
  class space    used 11566K, capacity 13683K, committed 13696K, reserved 1048576K
}

